<?xml version="1.0" encoding="UTF-8"?>
<testng-results ignored="0" total="1" passed="1" failed="0" skipped="0">
  <reporter-output>
  </reporter-output>
  <suite started-at="2022-09-21T21:56:19 EDT" name="Default suite" finished-at="2022-09-21T21:56:23 EDT" duration-ms="3887">
    <groups>
    </groups>
    <test started-at="2022-09-21T21:56:19 EDT" name="Default test" finished-at="2022-09-21T21:56:23 EDT" duration-ms="3887">
      <class name="modularScripts.googleSearch.SearchTextOnGoogle">
        <test-method is-config="true" signature="setupChromeDriver()[pri:0, instance:modularScripts.googleSearch.SearchTextOnGoogle@1bd4fdd]" started-at="2022-09-21T21:56:19 EDT" name="setupChromeDriver" finished-at="2022-09-21T21:56:19 EDT" duration-ms="760" status="PASS">
          <reporter-output>
          </reporter-output>
        </test-method> <!-- setupChromeDriver -->
        <test-method signature="searchInGoogleSearchBox()[pri:0, instance:modularScripts.googleSearch.SearchTextOnGoogle@1bd4fdd]" started-at="2022-09-21T21:56:19 EDT" name="searchInGoogleSearchBox" finished-at="2022-09-21T21:56:23 EDT" duration-ms="3105" status="PASS">
          <reporter-output>
          </reporter-output>
        </test-method> <!-- searchInGoogleSearchBox -->
      </class> <!-- modularScripts.googleSearch.SearchTextOnGoogle -->
    </test> <!-- Default test -->
  </suite> <!-- Default suite -->
</testng-results>
